Using pre-set license
Built from '2020.3/staging' branch; Version is '2020.3.4f1 (0abb6314276a) revision 703331'; Using compiler version '192528614'; Build Type 'Release'
OS: 'Windows 10 Home; OS build 19041.928; Version 2004; 64bit' Language: 'en' Physical Memory: 16292 MB
BatchMode: 1, IsHumanControllingUs: 0, StartBugReporterOnCrash: 0, Is64bit: 1, IsPro: 0

 COMMAND LINE ARGUMENTS:
C:\Program Files\Unity\Hub\Editor\2020.3.4f1\Editor\Unity.exe
-adb2
-batchMode
-noUpm
-name
AssetImportWorker0
-projectPath
C:/Users/vava1/OneDrive/Desktop/QoD-Menu/Main Menu
-logFile
Logs/AssetImportWorker0.log
-srvPort
64407
Successfully changed project path to: C:/Users/vava1/OneDrive/Desktop/QoD-Menu/Main Menu
C:/Users/vava1/OneDrive/Desktop/QoD-Menu/Main Menu
Using Asset Import Pipeline V2.
Refreshing native plugins compatible for Editor in 35.27 ms, found 1 plugins.
Preloading 0 native plugins for Editor in 0.00 ms.
Initialize engine version: 2020.3.4f1 (0abb6314276a)
[Subsystems] Discovering subsystems at path C:/Program Files/Unity/Hub/Editor/2020.3.4f1/Editor/Data/Resources/UnitySubsystems
[Subsystems] Discovering subsystems at path C:/Users/vava1/OneDrive/Desktop/QoD-Menu/Main Menu/Assets
GfxDevice: creating device client; threaded=0
Direct3D:
    Version:  Direct3D 11.0 [level 11.1]
    Renderer: NVIDIA GeForce RTX 2060 (ID=0x1e89)
    Vendor:   
    VRAM:     5968 MB
    Driver:   27.21.14.5751
Initialize mono
Mono path[0] = 'C:/Program Files/Unity/Hub/Editor/2020.3.4f1/Editor/Data/Managed'
Mono path[1] = 'C:/Program Files/Unity/Hub/Editor/2020.3.4f1/Editor/Data/MonoBleedingEdge/lib/mono/unityjit'
Mono config path = 'C:/Program Files/Unity/Hub/Editor/2020.3.4f1/Editor/Data/MonoBleedingEdge/etc'
Using monoOptions --debugger-agent=transport=dt_socket,embedding=1,server=y,suspend=n,address=127.0.0.1:56800
Begin MonoManager ReloadAssembly
Registering precompiled unity dll's ...
Register platform support module: C:/Program Files/Unity/Hub/Editor/2020.3.4f1/Editor/Data/PlaybackEngines/WindowsStandaloneSupport/UnityEditor.WindowsStandalone.Extensions.dll
Registered in 0.001678 seconds.
Native extension for WindowsStandalone target not found
Refreshing native plugins compatible for Editor in 34.07 ms, found 1 plugins.
Preloading 0 native plugins for Editor in 0.00 ms.
Mono: successfully reloaded assembly
- Completed reload, in  0.845 seconds
Platform modules already initialized, skipping
Registering precompiled user dll's ...
Registered in 0.000979 seconds.
Begin MonoManager ReloadAssembly
Native extension for WindowsStandalone target not found
Refreshing native plugins compatible for Editor in 35.22 ms, found 1 plugins.
Preloading 0 native plugins for Editor in 0.00 ms.
Mono: successfully reloaded assembly
- Completed reload, in  0.817 seconds
Platform modules already initialized, skipping
========================================================================
Worker process is ready to serve import requests
Launched and connected shader compiler UnityShaderCompiler.exe after 0.03 seconds
Refreshing native plugins compatible for Editor in 0.43 ms, found 1 plugins.
Preloading 0 native plugins for Editor in 0.00 ms.
Unloading 1856 Unused Serialized files (Serialized files now loaded: 0)
System memory in use before: 87.8 MB.
System memory in use after: 87.9 MB.

Unloading 19 unused Assets to reduce memory usage. Loaded Objects now: 2303.
Total: 2.304300 ms (FindLiveObjects: 0.229200 ms CreateObjectMapping: 0.045100 ms MarkObjects: 1.945700 ms  DeleteObjects: 0.083100 ms)

========================================================================
Received Import Request.
  path: Assets/CormorantGaramond-SemiBold SDF.asset
  artifactKey: Guid(05209cdaf4f95a34581e032858ae7c44) Importer(815301076,1909f56bfc062723c751e8b465ee728b)
Start importing Assets/CormorantGaramond-SemiBold SDF.asset using Guid(05209cdaf4f95a34581e032858ae7c44) Importer(815301076,1909f56bfc062723c751e8b465ee728b)  -> (artifact id: 'dfbca0d314aa807076867f5f4ae7cfd3') in 0.199583 seconds
  Import took 0.202946 seconds .

========================================================================
Received Import Request.
  Time since last request: 0.000201 seconds.
  path: Assets/PressStart2P-Regular.ttf
  artifactKey: Guid(191ee9db7cd7f8c48a0d6b23d547a899) Importer(815301076,1909f56bfc062723c751e8b465ee728b)
Start importing Assets/PressStart2P-Regular.ttf using Guid(191ee9db7cd7f8c48a0d6b23d547a899) Importer(815301076,1909f56bfc062723c751e8b465ee728b)  -> (artifact id: '791a0f3dff76501c40b7301a0543c207') in 0.016702 seconds
  Import took 0.019391 seconds .

========================================================================
Received Import Request.
  Time since last request: 0.000200 seconds.
  path: Assets/CormorantGaramond-SemiBold.ttf
  artifactKey: Guid(522caa85be1d65c4795eb91c19426118) Importer(815301076,1909f56bfc062723c751e8b465ee728b)
Start importing Assets/CormorantGaramond-SemiBold.ttf using Guid(522caa85be1d65c4795eb91c19426118) Importer(815301076,1909f56bfc062723c751e8b465ee728b)  -> (artifact id: '474141e16e044bae3051b1c57cfe8a63') in 0.011060 seconds
  Import took 0.013643 seconds .

========================================================================
Received Import Request.
  Time since last request: 0.000193 seconds.
  path: Assets/bg.png
  artifactKey: Guid(4133faac53ff5414f8d2e92f7df4fade) Importer(815301076,1909f56bfc062723c751e8b465ee728b)
Start importing Assets/bg.png using Guid(4133faac53ff5414f8d2e92f7df4fade) Importer(815301076,1909f56bfc062723c751e8b465ee728b)  -> (artifact id: 'ef1d73dfd99337c9c67a3617bfe51511') in 0.043274 seconds
  Import took 0.046176 seconds .

========================================================================
Received Import Request.
  Time since last request: 0.000182 seconds.
  path: Assets/Color.asset
  artifactKey: Guid(878fbe294af3e5a4585f6a52ecce4bc7) Importer(815301076,1909f56bfc062723c751e8b465ee728b)
Start importing Assets/Color.asset using Guid(878fbe294af3e5a4585f6a52ecce4bc7) Importer(815301076,1909f56bfc062723c751e8b465ee728b)  -> (artifact id: '74d03bd05fdbe667285761f75e6870b4') in 0.006638 seconds
  Import took 0.009562 seconds .

========================================================================
Received Prepare
Registering precompiled user dll's ...
Registered in 0.000985 seconds.
Begin MonoManager ReloadAssembly
Native extension for WindowsStandalone target not found
Refreshing native plugins compatible for Editor in 0.43 ms, found 1 plugins.
Preloading 0 native plugins for Editor in 0.00 ms.
Mono: successfully reloaded assembly
- Completed reload, in  0.688 seconds
Platform modules already initialized, skipping
Refreshing native plugins compatible for Editor in 0.40 ms, found 1 plugins.
Preloading 0 native plugins for Editor in 0.00 ms.
Unloading 1833 Unused Serialized files (Serialized files now loaded: 0)
System memory in use before: 89.4 MB.
System memory in use after: 89.5 MB.

Unloading 7 unused Assets to reduce memory usage. Loaded Objects now: 2354.
Total: 1.780800 ms (FindLiveObjects: 0.237300 ms CreateObjectMapping: 0.039000 ms MarkObjects: 1.492600 ms  DeleteObjects: 0.011100 ms)

========================================================================
Received Prepare
Registering precompiled user dll's ...
Registered in 0.000841 seconds.
Begin MonoManager ReloadAssembly
Native extension for WindowsStandalone target not found
Refreshing native plugins compatible for Editor in 0.43 ms, found 1 plugins.
Preloading 0 native plugins for Editor in 0.00 ms.
Mono: successfully reloaded assembly
- Completed reload, in  0.696 seconds
Platform modules already initialized, skipping
Refreshing native plugins compatible for Editor in 0.40 ms, found 1 plugins.
Preloading 0 native plugins for Editor in 0.00 ms.
Unloading 1833 Unused Serialized files (Serialized files now loaded: 0)
System memory in use before: 89.5 MB.
System memory in use after: 89.6 MB.

Unloading 7 unused Assets to reduce memory usage. Loaded Objects now: 2358.
Total: 2.185600 ms (FindLiveObjects: 0.229300 ms CreateObjectMapping: 0.051300 ms MarkObjects: 1.889100 ms  DeleteObjects: 0.014400 ms)

========================================================================
Received Prepare
Registering precompiled user dll's ...
Registered in 0.000884 seconds.
Begin MonoManager ReloadAssembly
Native extension for WindowsStandalone target not found
Refreshing native plugins compatible for Editor in 0.48 ms, found 1 plugins.
Preloading 0 native plugins for Editor in 0.00 ms.
Mono: successfully reloaded assembly
- Completed reload, in  0.743 seconds
Platform modules already initialized, skipping
Refreshing native plugins compatible for Editor in 0.52 ms, found 1 plugins.
Preloading 0 native plugins for Editor in 0.00 ms.
Unloading 1833 Unused Serialized files (Serialized files now loaded: 0)
System memory in use before: 89.5 MB.
System memory in use after: 89.6 MB.

Unloading 7 unused Assets to reduce memory usage. Loaded Objects now: 2362.
Total: 2.024100 ms (FindLiveObjects: 0.224000 ms CreateObjectMapping: 0.043500 ms MarkObjects: 1.742200 ms  DeleteObjects: 0.013300 ms)

========================================================================
Received Prepare
Registering precompiled user dll's ...
Registered in 0.001046 seconds.
Begin MonoManager ReloadAssembly
Native extension for WindowsStandalone target not found
Refreshing native plugins compatible for Editor in 0.42 ms, found 1 plugins.
Preloading 0 native plugins for Editor in 0.00 ms.
Mono: successfully reloaded assembly
- Completed reload, in  0.701 seconds
Platform modules already initialized, skipping
Refreshing native plugins compatible for Editor in 0.47 ms, found 1 plugins.
Preloading 0 native plugins for Editor in 0.00 ms.
Unloading 1833 Unused Serialized files (Serialized files now loaded: 0)
System memory in use before: 89.5 MB.
System memory in use after: 89.6 MB.

Unloading 7 unused Assets to reduce memory usage. Loaded Objects now: 2366.
Total: 1.936100 ms (FindLiveObjects: 0.214700 ms CreateObjectMapping: 0.042400 ms MarkObjects: 1.665400 ms  DeleteObjects: 0.012700 ms)

AssetImportWorkerClient::OnTransportError - code=2 error=End of file
